Grammar must joy: changes log

ToDo: скорректировать отображение для Windows-версии:
'
двигателе.…

Эта запись достаточно длинная, и показать её здесь целиком не получится.
Оригинал можно найти на нашем Telegram-канале вручную под номером 48-1363
'

Version 1.1.1:
• Исправлена общая проблема с отправкой писем на Android 11 и новее

Version 1.1:
• Реализован групповой запрос записей (группами от 1 до 5 штук за одно
  нажание кнопки);
• Обновлён список пропущенных записей;
• Добавлена функция прямого направления пользователя на опцию предложения
  собственных публикаций

Version 1.0.5:
• Добавлено отключение подписей текстов при копировании из приложения;
• Исправлены некорректные вызовы некоторых разделов справки и поддержки

Version 1.0:
• Реализовано самостоятельное приложение на основе функционала uNot;
• Приложение опубликовано на GitHub
